\BOOKMARK [0][-]{section*.3}{Abstract}{}% 1
\BOOKMARK [0][-]{section*.4}{Preface}{}% 2
\BOOKMARK [0][-]{chapter*.5}{Table of Contents}{}% 3
\BOOKMARK [0][-]{chapter*.6}{List of Tables}{}% 4
\BOOKMARK [0][-]{chapter*.7}{List of Figures}{}% 5
\BOOKMARK [0][-]{section*.8}{Abbreviations}{}% 6
\BOOKMARK [0][-]{section*.9}{Notation}{}% 7
\BOOKMARK [0][-]{chapter.1}{Introduction}{}% 8
\BOOKMARK [1][-]{section.1.1}{Motivation}{chapter.1}% 9
\BOOKMARK [1][-]{section.1.2}{Review}{chapter.1}% 10
\BOOKMARK [1][-]{section.1.3}{Contributions}{chapter.1}% 11
\BOOKMARK [1][-]{section.1.4}{Report outline}{chapter.1}% 12
\BOOKMARK [0][-]{chapter.2}{Theory}{}% 13
\BOOKMARK [1][-]{section.2.1}{Sensor Fusion}{chapter.2}% 14
\BOOKMARK [1][-]{section.2.2}{Computer Vision}{chapter.2}% 15
\BOOKMARK [2][-]{subsection.2.2.1}{Spatial Image Filtering}{section.2.2}% 16
\BOOKMARK [2][-]{subsection.2.2.2}{Convolutional Neural Nets for Object Recognition}{section.2.2}% 17
\BOOKMARK [1][-]{section.2.3}{Robot Operating System}{chapter.2}% 18
\BOOKMARK [0][-]{chapter.3}{Sensor Models}{}% 19
\BOOKMARK [1][-]{section.3.1}{Image Formation}{chapter.3}% 20
\BOOKMARK [2][-]{subsection.3.1.1}{The Pinhole Camera Model}{section.3.1}% 21
\BOOKMARK [2][-]{subsection.3.1.2}{Intrinsic and Extrinsic Parameters}{section.3.1}% 22
\BOOKMARK [1][-]{section.3.2}{Lidar}{chapter.3}% 23
\BOOKMARK [2][-]{subsection.3.2.1}{Velodyne VLP-16 Lidar Specifications}{section.3.2}% 24
\BOOKMARK [2][-]{subsection.3.2.2}{Lidar Sensor Model}{section.3.2}% 25
\BOOKMARK [2][-]{subsection.3.2.3}{Coordinate Transformation}{section.3.2}% 26
\BOOKMARK [2][-]{subsection.3.2.4}{The Lidar Point Cloud}{section.3.2}% 27
\BOOKMARK [0][-]{chapter.4}{Method}{}% 28
\BOOKMARK [1][-]{section.4.1}{Sensors, Hardware and Processing Pipeline}{chapter.4}% 29
\BOOKMARK [1][-]{section.4.2}{Visual Detection based on Faster R-CNN}{chapter.4}% 30
\BOOKMARK [2][-]{subsection.4.2.1}{Faster R-CNN}{section.4.2}% 31
\BOOKMARK [2][-]{subsection.4.2.2}{Training and validation data}{section.4.2}% 32
\BOOKMARK [2][-]{subsection.4.2.3}{Implementation Aspects}{section.4.2}% 33
\BOOKMARK [1][-]{section.4.3}{ROS Implementation}{chapter.4}% 34
\BOOKMARK [2][-]{subsection.4.3.1}{ROS Nodes and Data Flow}{section.4.3}% 35
\BOOKMARK [2][-]{subsection.4.3.2}{Rosbag}{section.4.3}% 36
\BOOKMARK [2][-]{subsection.4.3.3}{MATLAB implementation}{section.4.3}% 37
\BOOKMARK [1][-]{section.4.4}{Camera Calibration}{chapter.4}% 38
\BOOKMARK [2][-]{subsection.4.4.1}{Time Synchronization}{section.4.4}% 39
\BOOKMARK [0][-]{chapter.5}{Experiments}{}% 40
\BOOKMARK [1][-]{section.5.1}{Performed Maneuvers}{chapter.5}% 41
\BOOKMARK [0][-]{chapter.6}{Results}{}% 42
\BOOKMARK [1][-]{section.6.1}{Post-processing}{chapter.6}% 43
\BOOKMARK [1][-]{section.6.2}{Metrics}{chapter.6}% 44
\BOOKMARK [1][-]{section.6.3}{Experimental Results}{chapter.6}% 45
\BOOKMARK [2][-]{subsection.6.3.1}{Experiment 1}{section.6.3}% 46
\BOOKMARK [2][-]{subsection.6.3.2}{Experiment 2}{section.6.3}% 47
\BOOKMARK [2][-]{subsection.6.3.3}{Experiment 3}{section.6.3}% 48
\BOOKMARK [2][-]{subsection.6.3.4}{Experiment 4}{section.6.3}% 49
\BOOKMARK [2][-]{subsection.6.3.5}{Experiment 5}{section.6.3}% 50
\BOOKMARK [2][-]{subsection.6.3.6}{Experiment 6}{section.6.3}% 51
\BOOKMARK [2][-]{subsection.6.3.7}{Experiment 7}{section.6.3}% 52
\BOOKMARK [2][-]{subsection.6.3.8}{Faster R-CNN Performance}{section.6.3}% 53
\BOOKMARK [0][-]{chapter.7}{Discussion}{}% 54
\BOOKMARK [0][-]{chapter.8}{Conclusion}{}% 55
\BOOKMARK [0][-]{appendix.A}{Appendix}{}% 56
\BOOKMARK [1][-]{section.A.1}{Geometric Camera Calibration}{appendix.A}% 57
\BOOKMARK [2][-]{subsection.A.1.1}{Perspective Projection between the Model Plane and Its Image}{section.A.1}% 58
\BOOKMARK [2][-]{subsection.A.1.2}{Solving the Calibration Problem}{section.A.1}% 59
\BOOKMARK [2][-]{subsection.A.1.3}{Radial Lens Distortion}{section.A.1}% 60
\BOOKMARK [2][-]{subsection.A.1.4}{Calibration Procedure}{section.A.1}% 61
